<?xml version="1.0" encoding="UTF-8"?>
<!-- Generated by org.testng.reporters.JUnitXMLReporter -->
<testsuite ignored="0" hostname="HP-ENVY" failures="0" tests="10" name="UI_Tests" time="54.633" errors="0" timestamp="2025-09-18T15:02:55 IST">
  <testcase classname="org.automation.ui.BlazeDemoTests" name="testHomePageTitle" time="2.924"/>
  <testcase classname="org.automation.ui.BlazeDemoTests" name="testHomePageContainsDepartureAndDestination" time="2.13"/>
  <testcase classname="org.automation.ui.BlazeDemoTests" name="testFlightSearchNavigation" time="2.819"/>
  <testcase classname="org.automation.ui.BlazeDemoTests" name="testFlightSelectionPage" time="2.988"/>
  <testcase classname="org.automation.ui.BlazeDemoTests" name="testSelectFirstFlight" time="3.643"/>
  <testcase classname="org.automation.ui.BlazeDemoTests" name="testPurchasePageContainsForm" time="4.502"/>
  <testcase classname="org.automation.ui.BlazeDemoTests" name="testFillPurchaseForm" time="4.167"/>
  <testcase classname="org.automation.ui.BlazeDemoTests" name="testCreditCardDetails" time="4.841"/>
  <testcase classname="org.automation.ui.BlazeDemoTests" name="testPurchaseFlight" time="4.957"/>
  <testcase classname="org.automation.ui.BlazeDemoTests" name="testConfirmationPage" time="5.645"/>
</testsuite> <!-- UI_Tests -->
