<?xml version="1.0" encoding="UTF-8"?>
<!-- Generated by org.testng.reporters.JUnitXMLReporter -->
<testsuite ignored="0" hostname="HP-ENVY" failures="0" tests="10" name="BlazeDemo_UI_Tests" time="15.748" errors="0" timestamp="2025-09-25T09:47:16 IST">
  <testcase classname="org.automation.ui.BlazeDemoTests" name="testFlightSelectionPage" time="3.673"/>
  <testcase classname="org.automation.ui.BlazeDemoTests" name="testHomePageContainsDepartureAndDestination" time="3.717"/>
  <testcase classname="org.automation.ui.BlazeDemoTests" name="testHomePageTitle" time="4.273"/>
  <testcase classname="org.automation.ui.BlazeDemoTests" name="testNavigateToHomePage" time="4.496"/>
  <testcase classname="org.automation.ui.BlazeDemoTests" name="testFlightSearchNavigation" time="7.763"/>
  <testcase classname="org.automation.ui.BlazeDemoTests" name="testSelectFirstFlight" time="7.754"/>
  <testcase classname="org.automation.ui.BlazeDemoTests" name="testPurchaseFlight" time="7.968"/>
  <testcase classname="org.automation.ui.BlazeDemoTests" name="testFillPurchaseForm" time="8.985"/>
  <testcase classname="org.automation.ui.BlazeDemoTests" name="testPurchasePageContainsForm" time="9.154"/>
  <testcase classname="org.automation.ui.BlazeDemoTests" name="testConfirmationPage" time="9.324"/>
</testsuite> <!-- BlazeDemo_UI_Tests -->
