<?xml version="1.0" encoding="UTF-8"?>
<!-- Generated by org.testng.reporters.JUnitXMLReporter -->
<testsuite ignored="0" hostname="HP-ENVY" failures="0" tests="10" name="JsonPlaceholder_API_Tests" time="8.808" errors="0" timestamp="2025-09-25T09:47:09 IST">
  <testcase classname="org.automation.api.JsonPlaceholderTests" name="testDeletePost" time="5.53"/>
  <testcase classname="org.automation.api.JsonPlaceholderTests" name="testGetSingleUser" time="7.031"/>
  <testcase classname="org.automation.api.JsonPlaceholderTests" name="testGetCommentsForPost" time="7.032"/>
  <testcase classname="org.automation.api.JsonPlaceholderTests" name="testGetAllUsers" time="7.032"/>
  <testcase classname="org.automation.api.JsonPlaceholderTests" name="testGetSinglePost" time="7.032"/>
  <testcase classname="org.automation.api.JsonPlaceholderTests" name="testGetAllPosts" time="7.034"/>
  <testcase classname="org.automation.api.JsonPlaceholderTests" name="testUpdatePost" time="7.031"/>
  <testcase classname="org.automation.api.JsonPlaceholderTests" name="testCreatePost" time="7.032"/>
  <testcase classname="org.automation.api.JsonPlaceholderTests" name="testCreateComment" time="7.033"/>
  <testcase classname="org.automation.api.JsonPlaceholderTests" name="testPatchPost" time="7.032"/>
</testsuite> <!-- JsonPlaceholder_API_Tests -->
