<?xml version="1.0" encoding="UTF-8"?>
<testng-results ignored="0" total="20" passed="20" failed="0" skipped="0">
  <reporter-output>
  </reporter-output>
  <suite started-at="2025-10-06T16:53:41 IST" name="AutomationFrameworkParallelSuite" finished-at="2025-10-06T16:53:51 IST" duration-ms="10821">
    <groups>
    </groups>
    <test started-at="2025-10-06T16:53:41 IST" name="JsonPlaceholder_API_Tests" finished-at="2025-10-06T16:53:46 IST" duration-ms="5789">
      <class name="org.automation.api.JsonPlaceholderTests">
        <test-method is-config="true" signature="setup()[pri:0, instance:org.automation.api.JsonPlaceholderTests@5ad851c9]" started-at="2025-10-06T16:53:41 IST" name="setup" finished-at="2025-10-06T16:53:41 IST" duration-ms="710" status="PASS">
          <reporter-output>
          </reporter-output>
        </test-method> <!-- setup -->
        <test-method signature="testDeletePost()[pri:0, instance:org.automation.api.JsonPlaceholderTests@5ad851c9]" started-at="2025-10-06T16:53:41 IST" name="testDeletePost" description="Delete a post" finished-at="2025-10-06T16:53:45 IST" duration-ms="3304" status="PASS">
          <reporter-output>
          </reporter-output>
        </test-method> <!-- testDeletePost -->
        <test-method signature="testGetAllPosts()[pri:0, instance:org.automation.api.JsonPlaceholderTests@5ad851c9]" started-at="2025-10-06T16:53:41 IST" name="testGetAllPosts" description="Get all posts" finished-at="2025-10-06T16:53:46 IST" duration-ms="5003" status="PASS">
          <reporter-output>
          </reporter-output>
        </test-method> <!-- testGetAllPosts -->
        <test-method signature="testCreateComment()[pri:0, instance:org.automation.api.JsonPlaceholderTests@5ad851c9]" started-at="2025-10-06T16:53:41 IST" name="testCreateComment" description="Create a comment" finished-at="2025-10-06T16:53:46 IST" duration-ms="5003" status="PASS">
          <reporter-output>
          </reporter-output>
        </test-method> <!-- testCreateComment -->
        <test-method signature="testCreatePost()[pri:0, instance:org.automation.api.JsonPlaceholderTests@5ad851c9]" started-at="2025-10-06T16:53:41 IST" name="testCreatePost" description="Create a new post" finished-at="2025-10-06T16:53:46 IST" duration-ms="5003" status="PASS">
          <reporter-output>
          </reporter-output>
        </test-method> <!-- testCreatePost -->
        <test-method signature="testGetSinglePost()[pri:0, instance:org.automation.api.JsonPlaceholderTests@5ad851c9]" started-at="2025-10-06T16:53:41 IST" name="testGetSinglePost" description="Get single post by ID" finished-at="2025-10-06T16:53:46 IST" duration-ms="5004" status="PASS">
          <reporter-output>
          </reporter-output>
        </test-method> <!-- testGetSinglePost -->
        <test-method signature="testGetCommentsForPost()[pri:0, instance:org.automation.api.JsonPlaceholderTests@5ad851c9]" started-at="2025-10-06T16:53:41 IST" name="testGetCommentsForPost" description="Get comments for a post" finished-at="2025-10-06T16:53:46 IST" duration-ms="5003" status="PASS">
          <reporter-output>
          </reporter-output>
        </test-method> <!-- testGetCommentsForPost -->
        <test-method signature="testPatchPost()[pri:0, instance:org.automation.api.JsonPlaceholderTests@5ad851c9]" started-at="2025-10-06T16:53:41 IST" name="testPatchPost" description="Patch an existing post" finished-at="2025-10-06T16:53:46 IST" duration-ms="5002" status="PASS">
          <reporter-output>
          </reporter-output>
        </test-method> <!-- testPatchPost -->
        <test-method signature="testGetSingleUser()[pri:0, instance:org.automation.api.JsonPlaceholderTests@5ad851c9]" started-at="2025-10-06T16:53:41 IST" name="testGetSingleUser" description="Get single user by ID" finished-at="2025-10-06T16:53:46 IST" duration-ms="5002" status="PASS">
          <reporter-output>
          </reporter-output>
        </test-method> <!-- testGetSingleUser -->
        <test-method signature="testUpdatePost()[pri:0, instance:org.automation.api.JsonPlaceholderTests@5ad851c9]" started-at="2025-10-06T16:53:41 IST" name="testUpdatePost" description="Update an existing post" finished-at="2025-10-06T16:53:46 IST" duration-ms="5002" status="PASS">
          <reporter-output>
          </reporter-output>
        </test-method> <!-- testUpdatePost -->
        <test-method signature="testGetAllUsers()[pri:0, instance:org.automation.api.JsonPlaceholderTests@5ad851c9]" started-at="2025-10-06T16:53:41 IST" name="testGetAllUsers" description="Get all users" finished-at="2025-10-06T16:53:46 IST" duration-ms="5001" status="PASS">
          <reporter-output>
          </reporter-output>
        </test-method> <!-- testGetAllUsers -->
      </class> <!-- org.automation.api.JsonPlaceholderTests -->
    </test> <!-- JsonPlaceholder_API_Tests -->
    <test started-at="2025-10-06T16:53:41 IST" name="BlazeDemo_UI_Tests" finished-at="2025-10-06T16:53:51 IST" duration-ms="10821">
      <class name="org.automation.ui.BlazeDemoTests">
        <test-method is-config="true" signature="setUp()[pri:0, instance:org.automation.ui.BlazeDemoTests@5d20e46]" started-at="2025-10-06T16:53:41 IST" name="setUp" finished-at="2025-10-06T16:53:45 IST" duration-ms="4089" status="PASS">
          <reporter-output>
          </reporter-output>
        </test-method> <!-- setUp -->
        <test-method is-config="true" signature="setUp()[pri:0, instance:org.automation.ui.BlazeDemoTests@5d20e46]" started-at="2025-10-06T16:53:41 IST" name="setUp" finished-at="2025-10-06T16:53:45 IST" duration-ms="4089" status="PASS">
          <reporter-output>
          </reporter-output>
        </test-method> <!-- setUp -->
        <test-method is-config="true" signature="setUp()[pri:0, instance:org.automation.ui.BlazeDemoTests@5d20e46]" started-at="2025-10-06T16:53:41 IST" name="setUp" finished-at="2025-10-06T16:53:45 IST" duration-ms="4088" status="PASS">
          <reporter-output>
          </reporter-output>
        </test-method> <!-- setUp -->
        <test-method is-config="true" signature="setUp()[pri:0, instance:org.automation.ui.BlazeDemoTests@5d20e46]" started-at="2025-10-06T16:53:41 IST" name="setUp" finished-at="2025-10-06T16:53:46 IST" duration-ms="5276" status="PASS">
          <reporter-output>
          </reporter-output>
        </test-method> <!-- setUp -->
        <test-method is-config="true" signature="setUp()[pri:0, instance:org.automation.ui.BlazeDemoTests@5d20e46]" started-at="2025-10-06T16:53:41 IST" name="setUp" finished-at="2025-10-06T16:53:45 IST" duration-ms="4088" status="PASS">
          <reporter-output>
          </reporter-output>
        </test-method> <!-- setUp -->
        <test-method is-config="true" signature="setUp()[pri:0, instance:org.automation.ui.BlazeDemoTests@5d20e46]" started-at="2025-10-06T16:53:41 IST" name="setUp" finished-at="2025-10-06T16:53:45 IST" duration-ms="4088" status="PASS">
          <reporter-output>
          </reporter-output>
        </test-method> <!-- setUp -->
        <test-method is-config="true" signature="setUp()[pri:0, instance:org.automation.ui.BlazeDemoTests@5d20e46]" started-at="2025-10-06T16:53:41 IST" name="setUp" finished-at="2025-10-06T16:53:46 IST" duration-ms="5445" status="PASS">
          <reporter-output>
          </reporter-output>
        </test-method> <!-- setUp -->
        <test-method is-config="true" signature="setUp()[pri:0, instance:org.automation.ui.BlazeDemoTests@5d20e46]" started-at="2025-10-06T16:53:41 IST" name="setUp" finished-at="2025-10-06T16:53:45 IST" duration-ms="4088" status="PASS">
          <reporter-output>
          </reporter-output>
        </test-method> <!-- setUp -->
        <test-method is-config="true" signature="setUp()[pri:0, instance:org.automation.ui.BlazeDemoTests@5d20e46]" started-at="2025-10-06T16:53:41 IST" name="setUp" finished-at="2025-10-06T16:53:45 IST" duration-ms="4088" status="PASS">
          <reporter-output>
          </reporter-output>
        </test-method> <!-- setUp -->
        <test-method is-config="true" signature="setUp()[pri:0, instance:org.automation.ui.BlazeDemoTests@5d20e46]" started-at="2025-10-06T16:53:41 IST" name="setUp" finished-at="2025-10-06T16:53:45 IST" duration-ms="4087" status="PASS">
          <reporter-output>
          </reporter-output>
        </test-method> <!-- setUp -->
        <test-method signature="testFillPurchaseForm()[pri:0, instance:org.automation.ui.BlazeDemoTests@5d20e46]" started-at="2025-10-06T16:53:45 IST" name="testFillPurchaseForm" description="Fill Purchase Form" finished-at="2025-10-06T16:53:51 IST" duration-ms="6410" status="PASS">
          <reporter-output>
          </reporter-output>
        </test-method> <!-- testFillPurchaseForm -->
        <test-method signature="testConfirmationPage()[pri:0, instance:org.automation.ui.BlazeDemoTests@5d20e46]" started-at="2025-10-06T16:53:45 IST" name="testConfirmationPage" description="Verify Confirmation Page" finished-at="2025-10-06T16:53:49 IST" duration-ms="4335" status="PASS">
          <reporter-output>
          </reporter-output>
        </test-method> <!-- testConfirmationPage -->
        <test-method signature="testNavigateToHomePage()[pri:0, instance:org.automation.ui.BlazeDemoTests@5d20e46]" started-at="2025-10-06T16:53:45 IST" name="testNavigateToHomePage" description="Navigate to Home Page" finished-at="2025-10-06T16:53:49 IST" duration-ms="4450" status="PASS">
          <reporter-output>
          </reporter-output>
        </test-method> <!-- testNavigateToHomePage -->
        <test-method signature="testSelectFirstFlight()[pri:0, instance:org.automation.ui.BlazeDemoTests@5d20e46]" started-at="2025-10-06T16:53:45 IST" name="testSelectFirstFlight" description="Select First Flight from Flights Page" finished-at="2025-10-06T16:53:50 IST" duration-ms="5182" status="PASS">
          <reporter-output>
          </reporter-output>
        </test-method> <!-- testSelectFirstFlight -->
        <test-method signature="testPurchaseFlight()[pri:0, instance:org.automation.ui.BlazeDemoTests@5d20e46]" started-at="2025-10-06T16:53:45 IST" name="testPurchaseFlight" description="Purchase Flight" finished-at="2025-10-06T16:53:51 IST" duration-ms="6486" status="PASS">
          <reporter-output>
          </reporter-output>
        </test-method> <!-- testPurchaseFlight -->
        <test-method signature="testHomePageTitle()[pri:0, instance:org.automation.ui.BlazeDemoTests@5d20e46]" started-at="2025-10-06T16:53:45 IST" name="testHomePageTitle" description="Verify Home Page Title" finished-at="2025-10-06T16:53:49 IST" duration-ms="4112" status="PASS">
          <reporter-output>
          </reporter-output>
        </test-method> <!-- testHomePageTitle -->
        <test-method signature="testPurchasePageContainsForm()[pri:0, instance:org.automation.ui.BlazeDemoTests@5d20e46]" started-at="2025-10-06T16:53:45 IST" name="testPurchasePageContainsForm" description="Verify Purchase Page Contains Form" finished-at="2025-10-06T16:53:49 IST" duration-ms="4483" status="PASS">
          <reporter-output>
          </reporter-output>
        </test-method> <!-- testPurchasePageContainsForm -->
        <test-method signature="testHomePageContainsDepartureAndDestination()[pri:0, instance:org.automation.ui.BlazeDemoTests@5d20e46]" started-at="2025-10-06T16:53:45 IST" name="testHomePageContainsDepartureAndDestination" description="Verify Departure and Destination fields exist on Home Page" finished-at="2025-10-06T16:53:49 IST" duration-ms="4553" status="PASS">
          <reporter-output>
          </reporter-output>
        </test-method> <!-- testHomePageContainsDepartureAndDestination -->
        <test-method signature="testFlightSelectionPage()[pri:0, instance:org.automation.ui.BlazeDemoTests@5d20e46]" started-at="2025-10-06T16:53:46 IST" name="testFlightSelectionPage" description="Verify Flight Selection Page UI Elements" finished-at="2025-10-06T16:53:50 IST" duration-ms="4368" status="PASS">
          <reporter-output>
          </reporter-output>
        </test-method> <!-- testFlightSelectionPage -->
        <test-method signature="testFlightSearchNavigation()[pri:0, instance:org.automation.ui.BlazeDemoTests@5d20e46]" started-at="2025-10-06T16:53:46 IST" name="testFlightSearchNavigation" description="Verify Flight Search Navigation from Home Page" finished-at="2025-10-06T16:53:51 IST" duration-ms="4968" status="PASS">
          <reporter-output>
          </reporter-output>
        </test-method> <!-- testFlightSearchNavigation -->
        <test-method is-config="true" signature="tearDown(org.testng.ITestResult)[pri:0, instance:org.automation.ui.BlazeDemoTests@5d20e46]" started-at="2025-10-06T16:53:49 IST" name="tearDown" finished-at="2025-10-06T16:53:50 IST" duration-ms="683" status="PASS">
          <params>
            <param index="0">
              <value>
                <![CDATA[[TestResult name=testHomePageTitle status=SUCCESS method=BlazeDemoTests.testHomePageTitle()[pri:0, instance:org.automation.ui.BlazeDemoTests@5d20e46] output={null}]]]>
              </value>
            </param>
          </params>
          <reporter-output>
          </reporter-output>
        </test-method> <!-- tearDown -->
        <test-method is-config="true" signature="tearDown(org.testng.ITestResult)[pri:0, instance:org.automation.ui.BlazeDemoTests@5d20e46]" started-at="2025-10-06T16:53:49 IST" name="tearDown" finished-at="2025-10-06T16:53:50 IST" duration-ms="504" status="PASS">
          <params>
            <param index="0">
              <value>
                <![CDATA[[TestResult name=testConfirmationPage status=SUCCESS method=BlazeDemoTests.testConfirmationPage()[pri:0, instance:org.automation.ui.BlazeDemoTests@5d20e46] output={null}]]]>
              </value>
            </param>
          </params>
          <reporter-output>
          </reporter-output>
        </test-method> <!-- tearDown -->
        <test-method is-config="true" signature="tearDown(org.testng.ITestResult)[pri:0, instance:org.automation.ui.BlazeDemoTests@5d20e46]" started-at="2025-10-06T16:53:49 IST" name="tearDown" finished-at="2025-10-06T16:53:50 IST" duration-ms="529" status="PASS">
          <params>
            <param index="0">
              <value>
                <![CDATA[[TestResult name=testNavigateToHomePage status=SUCCESS method=BlazeDemoTests.testNavigateToHomePage()[pri:0, instance:org.automation.ui.BlazeDemoTests@5d20e46] output={null}]]]>
              </value>
            </param>
          </params>
          <reporter-output>
          </reporter-output>
        </test-method> <!-- tearDown -->
        <test-method is-config="true" signature="tearDown(org.testng.ITestResult)[pri:0, instance:org.automation.ui.BlazeDemoTests@5d20e46]" started-at="2025-10-06T16:53:49 IST" name="tearDown" finished-at="2025-10-06T16:53:50 IST" duration-ms="456" status="PASS">
          <params>
            <param index="0">
              <value>
                <![CDATA[[TestResult name=testPurchasePageContainsForm status=SUCCESS method=BlazeDemoTests.testPurchasePageContainsForm()[pri:0, instance:org.automation.ui.BlazeDemoTests@5d20e46] output={null}]]]>
              </value>
            </param>
          </params>
          <reporter-output>
          </reporter-output>
        </test-method> <!-- tearDown -->
        <test-method is-config="true" signature="tearDown(org.testng.ITestResult)[pri:0, instance:org.automation.ui.BlazeDemoTests@5d20e46]" started-at="2025-10-06T16:53:49 IST" name="tearDown" finished-at="2025-10-06T16:53:50 IST" duration-ms="502" status="PASS">
          <params>
            <param index="0">
              <value>
                <![CDATA[[TestResult name=testHomePageContainsDepartureAndDestination status=SUCCESS method=BlazeDemoTests.testHomePageContainsDepartureAndDestination()[pri:0, instance:org.automation.ui.BlazeDemoTests@5d20e46] output={null}]]]>
              </value>
            </param>
          </params>
          <reporter-output>
          </reporter-output>
        </test-method> <!-- tearDown -->
        <test-method is-config="true" signature="tearDown(org.testng.ITestResult)[pri:0, instance:org.automation.ui.BlazeDemoTests@5d20e46]" started-at="2025-10-06T16:53:50 IST" name="tearDown" finished-at="2025-10-06T16:53:50 IST" duration-ms="316" status="PASS">
          <params>
            <param index="0">
              <value>
                <![CDATA[[TestResult name=testSelectFirstFlight status=SUCCESS method=BlazeDemoTests.testSelectFirstFlight()[pri:0, instance:org.automation.ui.BlazeDemoTests@5d20e46] output={null}]]]>
              </value>
            </param>
          </params>
          <reporter-output>
          </reporter-output>
        </test-method> <!-- tearDown -->
        <test-method is-config="true" signature="tearDown(org.testng.ITestResult)[pri:0, instance:org.automation.ui.BlazeDemoTests@5d20e46]" started-at="2025-10-06T16:53:50 IST" name="tearDown" finished-at="2025-10-06T16:53:50 IST" duration-ms="210" status="PASS">
          <params>
            <param index="0">
              <value>
                <![CDATA[[TestResult name=testFlightSelectionPage status=SUCCESS method=BlazeDemoTests.testFlightSelectionPage()[pri:0, instance:org.automation.ui.BlazeDemoTests@5d20e46] output={null}]]]>
              </value>
            </param>
          </params>
          <reporter-output>
          </reporter-output>
        </test-method> <!-- tearDown -->
        <test-method is-config="true" signature="tearDown(org.testng.ITestResult)[pri:0, instance:org.automation.ui.BlazeDemoTests@5d20e46]" started-at="2025-10-06T16:53:51 IST" name="tearDown" finished-at="2025-10-06T16:53:51 IST" duration-ms="158" status="PASS">
          <params>
            <param index="0">
              <value>
                <![CDATA[[TestResult name=testFlightSearchNavigation status=SUCCESS method=BlazeDemoTests.testFlightSearchNavigation()[pri:0, instance:org.automation.ui.BlazeDemoTests@5d20e46] output={null}]]]>
              </value>
            </param>
          </params>
          <reporter-output>
          </reporter-output>
        </test-method> <!-- tearDown -->
        <test-method is-config="true" signature="tearDown(org.testng.ITestResult)[pri:0, instance:org.automation.ui.BlazeDemoTests@5d20e46]" started-at="2025-10-06T16:53:51 IST" name="tearDown" finished-at="2025-10-06T16:53:51 IST" duration-ms="186" status="PASS">
          <params>
            <param index="0">
              <value>
                <![CDATA[[TestResult name=testFillPurchaseForm status=SUCCESS method=BlazeDemoTests.testFillPurchaseForm()[pri:0, instance:org.automation.ui.BlazeDemoTests@5d20e46] output={null}]]]>
              </value>
            </param>
          </params>
          <reporter-output>
          </reporter-output>
        </test-method> <!-- tearDown -->
        <test-method is-config="true" signature="tearDown(org.testng.ITestResult)[pri:0, instance:org.automation.ui.BlazeDemoTests@5d20e46]" started-at="2025-10-06T16:53:51 IST" name="tearDown" finished-at="2025-10-06T16:53:51 IST" duration-ms="187" status="PASS">
          <params>
            <param index="0">
              <value>
                <![CDATA[[TestResult name=testPurchaseFlight status=SUCCESS method=BlazeDemoTests.testPurchaseFlight()[pri:0, instance:org.automation.ui.BlazeDemoTests@5d20e46] output={null}]]]>
              </value>
            </param>
          </params>
          <reporter-output>
          </reporter-output>
        </test-method> <!-- tearDown -->
      </class> <!-- org.automation.ui.BlazeDemoTests -->
    </test> <!-- BlazeDemo_UI_Tests -->
  </suite> <!-- AutomationFrameworkParallelSuite -->
</testng-results>
