<?xml version="1.0" encoding="UTF-8"?>
<!-- Generated by org.testng.reporters.JUnitXMLReporter -->
<testsuite ignored="0" hostname="HP-ENVY" failures="0" tests="10" name="API_Tests" time="9.371" errors="0" timestamp="2025-09-18T15:02:10 IST">
  <testcase classname="org.automation.api.JsonPlaceholderTests" name="testCreatePost" time="3.375"/>
  <testcase classname="org.automation.api.JsonPlaceholderTests" name="testDeletePost" time="0.744"/>
  <testcase classname="org.automation.api.JsonPlaceholderTests" name="testGetAllPosts" time="0.709"/>
  <testcase classname="org.automation.api.JsonPlaceholderTests" name="testGetAllUsers" time="0.581"/>
  <testcase classname="org.automation.api.JsonPlaceholderTests" name="testGetCommentsForPost" time="0.474"/>
  <testcase classname="org.automation.api.JsonPlaceholderTests" name="testGetNonExistentPost" time="0.484"/>
  <testcase classname="org.automation.api.JsonPlaceholderTests" name="testGetSinglePost" time="0.587"/>
  <testcase classname="org.automation.api.JsonPlaceholderTests" name="testGetSingleUser" time="0.553"/>
  <testcase classname="org.automation.api.JsonPlaceholderTests" name="testPatchPost" time="0.63"/>
  <testcase classname="org.automation.api.JsonPlaceholderTests" name="testUpdatePostPut" time="0.841"/>
</testsuite> <!-- API_Tests -->
